[28-Feb-2025 04:53:55 UTC] PHP Fatal error:  Uncaught PDOException: SQLSTATE[42S02]: Base table or view not found: 1146 Table 'farmers_market.favorites' doesn't exist in C:\laragon\www\blueridgebounty\favorite_vendor.php:96
Stack trace:
#0 C:\laragon\www\blueridgebounty\favorite_vendor.php(96): PDOStatement->execute(Array)
#1 {main}
  thrown in C:\laragon\www\blueridgebounty\favorite_vendor.php on line 96
[28-Feb-2025 04:57:56 UTC] PHP Fatal error:  Uncaught PDOException: SQLSTATE[23000]: Integrity constraint violation: 1452 Cannot add or update a child row: a foreign key constraint fails (`farmers_market`.`favorite`, CONSTRAINT `favorite_ibfk_2` FOREIGN KEY (`vendor_id`) REFERENCES `vendor` (`user_id`) ON DELETE CASCADE) in C:\laragon\www\blueridgebounty\favorite_vendor.php:109
Stack trace:
#0 C:\laragon\www\blueridgebounty\favorite_vendor.php(109): PDOStatement->execute(Array)
#1 {main}
  thrown in C:\laragon\www\blueridgebounty\favorite_vendor.php on line 109
[28-Feb-2025 04:59:52 UTC] PHP Fatal error:  Uncaught PDOException: SQLSTATE[23000]: Integrity constraint violation: 1452 Cannot add or update a child row: a foreign key constraint fails (`farmers_market`.`favorite`, CONSTRAINT `favorite_ibfk_2` FOREIGN KEY (`vendor_id`) REFERENCES `vendor` (`user_id`) ON DELETE CASCADE) in C:\laragon\www\blueridgebounty\favorite_vendor.php:109
Stack trace:
#0 C:\laragon\www\blueridgebounty\favorite_vendor.php(109): PDOStatement->execute(Array)
#1 {main}
  thrown in C:\laragon\www\blueridgebounty\favorite_vendor.php on line 109
[28-Feb-2025 05:02:25 UTC] PHP Fatal error:  Uncaught PDOException: SQLSTATE[23000]: Integrity constraint violation: 1452 Cannot add or update a child row: a foreign key constraint fails (`farmers_market`.`favorite`, CONSTRAINT `favorite_ibfk_2` FOREIGN KEY (`vendor_id`) REFERENCES `vendor` (`user_id`) ON DELETE CASCADE) in C:\laragon\www\blueridgebounty\favorite_vendor.php:109
Stack trace:
#0 C:\laragon\www\blueridgebounty\favorite_vendor.php(109): PDOStatement->execute(Array)
#1 {main}
  thrown in C:\laragon\www\blueridgebounty\favorite_vendor.php on line 109
[28-Feb-2025 05:02:30 UTC] PHP Fatal error:  Uncaught PDOException: SQLSTATE[23000]: Integrity constraint violation: 1452 Cannot add or update a child row: a foreign key constraint fails (`farmers_market`.`favorite`, CONSTRAINT `favorite_ibfk_2` FOREIGN KEY (`vendor_id`) REFERENCES `vendor` (`user_id`) ON DELETE CASCADE) in C:\laragon\www\blueridgebounty\favorite_vendor.php:109
Stack trace:
#0 C:\laragon\www\blueridgebounty\favorite_vendor.php(109): PDOStatement->execute(Array)
#1 {main}
  thrown in C:\laragon\www\blueridgebounty\favorite_vendor.php on line 109
[28-Feb-2025 05:23:14 UTC] PHP Notice:  session_start(): Ignoring session_start() because a session is already active (started from C:\laragon\www\blueridgebounty\private\initialize.php on line 9) in C:\laragon\www\blueridgebounty\favorite_vendor.php on line 78
[28-Feb-2025 05:25:00 UTC] PHP Notice:  session_start(): Ignoring session_start() because a session is already active (started from C:\laragon\www\blueridgebounty\private\initialize.php on line 9) in C:\laragon\www\blueridgebounty\favorite_vendor.php on line 78
[28-Feb-2025 05:25:01 UTC] PHP Notice:  session_start(): Ignoring session_start() because a session is already active (started from C:\laragon\www\blueridgebounty\private\initialize.php on line 9) in C:\laragon\www\blueridgebounty\favorite_vendor.php on line 78
[28-Feb-2025 05:25:06 UTC] PHP Notice:  session_start(): Ignoring session_start() because a session is already active (started from C:\laragon\www\blueridgebounty\private\initialize.php on line 9) in C:\laragon\www\blueridgebounty\favorite_vendor.php on line 78
[28-Feb-2025 05:36:27 UTC] Raw POST Data: Array
(
    [vendor_id] => 4
)

[28-Feb-2025 05:36:28 UTC] Raw POST Data: Array
(
    [vendor_id] => 4
)

[28-Feb-2025 05:36:34 UTC] Raw POST Data: Array
(
    [vendor_id] => 4
)

[28-Feb-2025 05:37:40 UTC] Raw POST Data: Array
(
    [vendor_id] => 4
)

[28-Feb-2025 05:38:50 UTC] Raw POST Data: Array
(
    [vendor_id] => 4
)

[28-Feb-2025 05:40:17 UTC] Raw POST Data: Array
(
    [vendor_id] => 4
)

[28-Feb-2025 05:40:27 UTC] Raw POST Data: Array
(
    [vendor_id] => 4
)

[28-Feb-2025 05:40:55 UTC] Raw POST Data: Array
(
    [vendor_id] => 4
)

[28-Feb-2025 05:41:35 UTC] Raw POST Data: Array
(
    [vendor_id] => 4
)

[28-Feb-2025 05:43:44 UTC] Raw POST Data: Array
(
    [vendor_id] => 4
)

[28-Feb-2025 05:43:51 UTC] Raw POST Data: Array
(
    [vendor_id] => 4
)

[28-Feb-2025 05:44:31 UTC] Raw POST Data: Array
(
    [vendor_id] => 4
)

[28-Feb-2025 05:46:33 UTC] Raw POST Data: Array
(
    [vendor_id] => 4
)

[28-Feb-2025 05:47:00 UTC] Raw POST Data: Array
(
    [vendor_id] => 4
)

[28-Feb-2025 05:47:15 UTC] Raw POST Data: Array
(
    [vendor_id] => 4
)

[28-Feb-2025 05:51:05 UTC] Raw POST Data: Array
(
    [vendor_id] => 4
)

[28-Feb-2025 05:51:19 UTC] Raw POST Data: Array
(
    [vendor_id] => 4
)

[28-Feb-2025 05:51:36 UTC] Raw POST Data: Array
(
    [vendor_id] => 4
)

[28-Feb-2025 05:51:36 UTC] Raw POST Data: Array
(
    [vendor_id] => 4
)

[28-Feb-2025 05:52:08 UTC] Raw POST Data: Array
(
    [vendor_id] => 4
)

[28-Feb-2025 05:55:24 UTC] PHP Notice:  session_start(): Ignoring session_start() because a session is already active (started from C:\laragon\www\blueridgebounty\private\initialize.php on line 9) in C:\laragon\www\blueridgebounty\favorite_vendor.php on line 78
