/indexdfdf.php | 2025-04-15 23:23:31

/img/upload/users/jane_smith.jpg | 2025-04-16 00:15:35
/default.png | 2025-04-16 00:15:37
/img/upload/users/jane_smith.jpg | 2025-04-16 00:15:38
/img/upload/users/jane_smith.jpg | 2025-04-16 00:17:01
/robots.txt | 2025-04-16 00:23:35
/indefgx.php | 2025-04-16 01:30:38
/img/upload/users/jane_smith.jpg | 2025-04-16 01:32:50
/img/upload/users/jane_smith.jpg | 2025-04-16 01:54:44
/img/upload/users/jane_smith.jpg | 2025-04-16 01:55:30
/default.png | 2025-04-16 01:55:37
/default.png | 2025-04-16 01:55:39
/img/upload/users/jane_smith.jpg | 2025-04-16 01:55:49
/img/upload/users/jane_smith.jpg | 2025-04-16 02:08:24
/img/upload/users/jane_smith.jpg | 2025-04-16 02:08:43
/robots.txt | 2025-04-16 02:08:46
/img/upload/users/jane_smith.jpg | 2025-04-16 02:08:49
/404php | 2025-04-16 17:28:07
/img/upload/users/jane_smith.jpg | 2025-04-16 17:36:00
/img/upload/users/jane_smith.jpg | 2025-04-16 17:38:08
/img/upload/users/jane_smith.jpg | 2025-04-16 17:43:22
/img/upload/users/jane_smith.jpg | 2025-04-16 17:52:24
/img/upload/users/jane_smith.jpg | 2025-04-16 17:55:22
/img/upload/users/jane_smith.jpg | 2025-04-16 18:58:05
/img/upload/users/jane_smith.jpg | 2025-04-16 19:14:17
/img/upload/users/jane_smith.jpg | 2025-04-16 19:15:23
/img/upload/users/jane_smith.jpg | 2025-04-16 19:15:31
/img/upload/users/jane_smith.jpg | 2025-04-16 19:15:38
/img/upload/users/jane_smith.jpg | 2025-04-16 19:15:52
/img/upload/users/jane_smith.jpg | 2025-04-16 19:17:09
/img/upload/users/jane_smith.jpg | 2025-04-16 19:17:45
/img/upload/users/jane_smith.jpg | 2025-04-16 19:18:34
/img/upload/users/jane_smith.jpg | 2025-04-16 19:20:17
/img/upload/users/jane_smith.jpg | 2025-04-16 19:20:28
/img/upload/users/jane_smith.jpg | 2025-04-16 19:20:51
/img/upload/users/jane_smith.jpg | 2025-04-16 19:22:06
/img/upload/users/jane_smith.jpg | 2025-04-16 19:22:18
/img/upload/users/jane_smith.jpg | 2025-04-16 19:25:13
/img/upload/users/jane_smith.jpg | 2025-04-16 19:25:31
/img/upload/users/jane_smith.jpg | 2025-04-16 20:56:16
/js/cropper-handler.js | 2025-04-17 01:52:42
/js/cropper-handler.js | 2025-04-17 01:52:51
/js/cropper-handler.js | 2025-04-17 01:52:58
/js/cropper-handler.js | 2025-04-17 01:52:59
/js/cropper-handler.js | 2025-04-17 01:53:06
/js/cropper-handler.js | 2025-04-17 01:54:12
/js/cropper-handler.js | 2025-04-17 01:54:46
/img/upload/users/jane_smith.jpg | 2025-04-17 01:55:16
/img/upload/users/default.png | 2025-04-17 02:11:17
/js/cropper-handler.js | 2025-04-17 02:16:07
/js/cropper-handler.js | 2025-04-17 02:19:13
/js/cropper-handler.js | 2025-04-17 02:30:26
/js/cropper-handler.js | 2025-04-17 02:31:03
/js/cropper-handler.js | 2025-04-17 02:33:21
/js/cropper-handler.js | 2025-04-17 02:33:23
/js/cropper-handler.js | 2025-04-17 02:34:44
/js/cropper-handler.js | 2025-04-17 02:35:07
/js/cropper-handler.js | 2025-04-17 02:35:19
/js/cropper-handler.js | 2025-04-17 02:37:36
/js/cropper-handler.js | 2025-04-17 02:38:51
/js/cropper-handler.js | 2025-04-17 02:44:56
/js/cropper-handler.js | 2025-04-17 03:04:37
/js/cropper-handler.js | 2025-04-17 03:04:39
/js/cropper-handler.js | 2025-04-17 04:14:06
/img/upload/products/products/default_product.webp | 2025-04-17 04:14:06
/js/cropper-handler.js | 2025-04-17 04:14:12
/img/upload/products/products/default_product.webp | 2025-04-17 04:14:12
/js/cropper-handler.js | 2025-04-17 04:14:22
/img/upload/products/products/default_product.webp | 2025-04-17 04:14:22
/js/cropper-handler.js | 2025-04-17 04:14:25
/js/cropper-handler.js | 2025-04-17 04:14:58
/js/cropper-handler.js | 2025-04-17 04:16:37
/img/upload/products/products/default_product.webp | 2025-04-17 04:16:37
/js/cropper-handler.js | 2025-04-17 04:17:05
/img/upload/buttered_sausage.jpg | 2025-04-17 04:17:05
/img/upload/spaghetti_donut.jpg | 2025-04-17 04:17:05
/img/upload/feet_beans.jpg | 2025-04-17 04:17:05
/img/upload/potato.jpg | 2025-04-17 04:17:05
/img/upload/cheesy_nanners.webp | 2025-04-17 04:17:05
/img/upload/meat_kermit.jpg | 2025-04-17 04:17:05
/img/upload/products/default_product.webp | 2025-04-17 04:17:05
/img/upload/banana.jpg | 2025-04-17 04:17:05
/js/cropper-handler.js | 2025-04-17 04:17:07
/img/upload/buttered_sausage.jpg | 2025-04-17 04:17:07
/img/upload/spaghetti_donut.jpg | 2025-04-17 04:17:07
/img/upload/cheesy_nanners.webp | 2025-04-17 04:17:07
/img/upload/feet_beans.jpg | 2025-04-17 04:17:07
/img/upload/meat_kermit.jpg | 2025-04-17 04:17:07
/img/upload/potato.jpg | 2025-04-17 04:17:07
/img/upload/products/default_product.webp | 2025-04-17 04:17:07
/img/upload/banana.jpg | 2025-04-17 04:17:07
/js/cropper-handler.js | 2025-04-17 04:20:47
/img/upload/potato.jpg | 2025-04-17 04:20:47
/img/upload/banana.jpg | 2025-04-17 04:20:47
/img/upload/products/default_product.webp | 2025-04-17 04:20:47
/js/cropper-handler.js | 2025-04-17 04:21:59
/products/buttered_sausage.jpg | 2025-04-17 04:21:59
/products/spaghetti_donut.jpg | 2025-04-17 04:21:59
/products/feet_beans.jpg | 2025-04-17 04:21:59
/products/cheesy_nanners.webp | 2025-04-17 04:21:59
/products/meat_kermit.jpg | 2025-04-17 04:21:59
/potato.jpg | 2025-04-17 04:21:59
/banana.jpg | 2025-04-17 04:21:59
/products/default_product.webp | 2025-04-17 04:21:59
/js/cropper-handler.js | 2025-04-17 04:22:36
/products/buttered_sausage.jpg | 2025-04-17 04:22:36
/products/spaghetti_donut.jpg | 2025-04-17 04:22:36
/products/feet_beans.jpg | 2025-04-17 04:22:36
/products/cheesy_nanners.webp | 2025-04-17 04:22:36
/potato.jpg | 2025-04-17 04:22:36
/products/meat_kermit.jpg | 2025-04-17 04:22:36
/banana.jpg | 2025-04-17 04:22:36
/products/default_product.webp | 2025-04-17 04:22:36
/js/cropper-handler.js | 2025-04-17 04:23:37
/img/upload/potato.jpg | 2025-04-17 04:23:37
/img/upload/banana.jpg | 2025-04-17 04:23:37
/img/upload/products/default_product.webp | 2025-04-17 04:23:37
/js/cropper-handler.js | 2025-04-17 04:28:04
/img/upload/potato.jpg | 2025-04-17 04:28:05
/img/upload/products/default_product.webp | 2025-04-17 04:28:05
/img/upload/banana.jpg | 2025-04-17 04:28:05
/js/cropper-handler.js | 2025-04-17 04:28:57
/img/upload/banana.jpg | 2025-04-17 04:28:57
/img/upload/potato.jpg | 2025-04-17 04:28:57
/img/upload/products/default_product.webp | 2025-04-17 04:28:57
/js/cropper-handler.js | 2025-04-17 04:29:32
/img/upload/banana.jpg | 2025-04-17 04:29:32
/img/upload/potato.jpg | 2025-04-17 04:29:32
/img/upload/products/default_product.webp | 2025-04-17 04:29:32
/js/cropper-handler.js | 2025-04-17 04:30:56
/img/upload/banana.jpg | 2025-04-17 04:30:56
/img/upload/potato.jpg | 2025-04-17 04:30:56
/img/upload/products/default_product.webp | 2025-04-17 04:30:56
/img/upload/products/default_product.webp | 2025-04-17 04:33:06
/img/upload/products/img/assets/brblogo2.png | 2025-04-17 04:33:06
/img/upload/products/img/assets/4041-1200w.webp | 2025-04-17 04:33:06
/img/upload/products/img/assets/topButton.webp | 2025-04-17 04:33:06
/img/upload/img/assets/brblogo2.png | 2025-04-17 04:33:06
/img/upload/img/assets/facebook-icon.png | 2025-04-17 04:33:06
/img/upload/img/assets/instagram-icon.png | 2025-04-17 04:33:06
/img/upload/img/assets/linkedin-icon.png | 2025-04-17 04:33:06
/js/cropper-handler.js | 2025-04-17 04:33:59
/img/upload/banana.jpg | 2025-04-17 04:33:59
/img/upload/products/default_product.webp | 2025-04-17 04:34:00
/js/cropper-handler.js | 2025-04-17 04:34:07
/img/upload/products/default_product.webp | 2025-04-17 04:34:07
/js/cropper-handler.js | 2025-04-17 04:34:10
/img/upload/products/default_product.webp | 2025-04-17 04:34:10
/js/cropper-handler.js | 2025-04-17 04:34:12
/js/cropper-handler.js | 2025-04-17 04:34:16
/js/cropper-handler.js | 2025-04-17 04:34:23
/js/cropper-handler.js | 2025-04-17 04:35:40
/js/cropper-handler.js | 2025-04-17 04:35:41
/js/cropper-handler.js | 2025-04-17 04:35:48
/js/cropper-handler.js | 2025-04-17 04:36:18
/js/cropper-handler.js | 2025-04-17 04:37:39
/js/cropper-handler.js | 2025-04-17 04:38:05
/js/cropper-handler.js | 2025-04-17 04:41:09
/add-photo.svg | 2025-04-17 04:46:41
/js/cropper-handler.js | 2025-04-17 04:52:07
/img/upload/products/spaghetti_donut.jpg | 2025-04-17 04:54:46
/js/cropper-handler.js | 2025-04-17 04:59:24
/img/upload/products/spaghetti_donut.jpg | 2025-04-17 04:59:24
/js/cropper-handler.js | 2025-04-17 04:59:28
/img/upload/products/spaghetti_donut.jpg | 2025-04-17 04:59:28
/img/upload/products/spaghetti_donut.jpg | 2025-04-17 05:01:25
/img/upload/products/spaghetti_donut.jpg | 2025-04-17 05:01:28
/js/cropper-handler.js | 2025-04-17 05:03:21
/img/upload/products/spaghetti_donut.jpg | 2025-04-17 05:03:21
/js/cropper-handler.js | 2025-04-17 05:03:56
/img/upload/products/spaghetti_donut.jpg | 2025-04-17 05:03:56
/js/cropper-handler.js | 2025-04-17 05:04:03
/js/cropper-handler.js | 2025-04-17 05:04:19
/img/upload/products/default_product.webp | 2025-04-17 05:04:19
/js/cropper-handler.js | 2025-04-17 05:04:39
/img/upload/products/default_product.webp | 2025-04-17 05:04:39
/js/cropper-handler.js | 2025-04-17 05:05:58
/js/cropper-handler.js | 2025-04-17 05:11:27
/js/cropper-handler.js | 2025-04-17 05:15:04
/js/cropper-handler.js | 2025-04-17 05:15:06
/img/upload/products/cheesy_nanners.webp | 2025-04-17 05:15:07
/js/cropper-handler.js | 2025-04-17 05:22:33
/js/cropper-handler.js | 2025-04-17 05:22:45
/js/cropper-handler.js | 2025-04-17 05:22:46
/js/cropper-handler.js | 2025-04-17 05:22:46
/js/cropper-handler.js | 2025-04-17 05:22:47
/js/cropper-handler.js | 2025-04-17 05:24:53
/js/cropper-handler.js | 2025-04-17 05:25:00
/js/cropper-handler.js | 2025-04-17 05:25:17
/js/cropper-handler.js | 2025-04-17 05:25:22
/js/cropper-handler.js | 2025-04-17 05:25:24
/img/upload/products/cheesy_nanners_23.webp | 2025-04-17 05:25:24
/img/upload/products/cheesy_nanners_23.webp | 2025-04-17 05:27:06
/js/cropper-handler.js | 2025-04-17 05:27:13
/img/upload/products/cheesy_nanners_23.webp | 2025-04-17 05:27:13
/js/cropper-handler.js | 2025-04-17 05:27:19
/img/upload/products/cheesy_nanners_23.webp | 2025-04-17 05:27:19
/js/cropper-handler.js | 2025-04-17 05:37:01
/img/upload/products/cheesy_nanners_23.webp | 2025-04-17 05:37:01
/js/cropper-handler.js | 2025-04-17 05:37:03
/img/upload/products/cheesy_nanners_23.webp | 2025-04-17 05:37:03
/img/upload/products/cheesy_nanners_23.webp | 2025-04-17 05:37:05
/js/cropper-handler.js | 2025-04-17 05:37:10
/img/upload/products/cheesy_nanners_23.webp | 2025-04-17 05:37:10
/js/cropper-handler.js | 2025-04-17 05:37:14
/img/upload/products/cheesy_nanners_23.webp | 2025-04-17 05:37:14
/js/cropper-handler.js | 2025-04-17 05:38:15
/img/upload/products/cheesy_nanners_23.webp | 2025-04-17 05:38:15
/js/cropper-handler.js | 2025-04-17 05:38:16
/img/upload/products/cheesy_nanners_23.webp | 2025-04-17 05:38:17
/img/upload/products/cheesy_nanners_23.webp | 2025-04-17 05:38:18
/js/cropper-handler.js | 2025-04-17 05:38:31
/img/upload/products/cheesy_nanners_23.webp | 2025-04-17 05:38:31
/js/cropper-handler.js | 2025-04-17 05:38:33
/img/upload/products/cheesy_nanners_23.webp | 2025-04-17 05:38:33
/js/cropper-handler.js | 2025-04-17 05:41:15
/img/upload/products/cheesy_nanners_23.webp | 2025-04-17 05:41:15
/js/cropper-handler.js | 2025-04-17 05:41:46
/js/cropper-handler.js | 2025-04-17 05:42:04
/js/cropper-handler.js | 2025-04-17 05:42:22
/js/cropper-handler.js | 2025-04-17 05:48:48
/js/cropper-handler.js | 2025-04-17 05:49:26
/img/upload/products/derek_bowers_47.webp | 2025-04-17 05:49:26
/img/upload/products/derek_bowers_47.webp | 2025-04-17 05:50:15
/js/cropper-handler.js | 2025-04-17 05:50:21
/img/upload/products/derek_bowers_47.webp | 2025-04-17 05:50:21
/img/upload/products/derek_bowers_47.webp | 2025-04-17 05:50:30
/js/cropper-handler.js | 2025-04-17 05:50:35
/img/upload/products/derek_bowers_47.webp | 2025-04-17 05:50:35
/js/cropper-handler.js | 2025-04-17 05:50:38
/img/upload/products/derek_bowers_47.webp | 2025-04-17 05:50:38
/js/cropper-handler.js | 2025-04-17 05:50:39
/img/upload/products/derek_bowers_47.webp | 2025-04-17 05:50:39
/js/cropper-handler.js | 2025-04-17 05:50:42
/js/cropper-handler.js | 2025-04-17 05:50:52
/js/cropper-handler.js | 2025-04-17 05:50:56
/img/upload/products/diana_gordon_46.webp | 2025-04-17 05:50:56
/img/upload/products/diana_gordon_46.webp | 2025-04-17 05:57:00
/js/cropper-handler.js | 2025-04-17 05:57:05
/img/upload/products/diana_gordon_46.webp | 2025-04-17 05:57:06
/js/cropper-handler.js | 2025-04-17 05:57:07
/img/upload/products/diana_gordon_46.webp | 2025-04-17 05:57:08
/js/cropper-handler.js | 2025-04-17 05:57:08
/img/upload/products/diana_gordon_46.webp | 2025-04-17 05:57:09
/js/cropper-handler.js | 2025-04-17 05:57:09
/img/upload/products/diana_gordon_46.webp | 2025-04-17 05:57:09
/img/upload/products/diana_gordon_46.webp | 2025-04-17 05:57:10
/js/cropper-handler.js | 2025-04-17 05:57:19
/img/upload/products/diana_gordon_46.webp | 2025-04-17 05:57:19
/img/upload/products/diana_gordon_46.webp | 2025-04-17 06:00:21
/js/cropper-handler.js | 2025-04-17 06:00:43
/img/upload/products/diana_gordon_46.webp | 2025-04-17 06:00:43
/img/upload/products/diana_gordon_46.webp | 2025-04-17 06:02:58
/js/cropper-handler.js | 2025-04-17 06:03:04
/img/upload/products/diana_gordon_46.webp | 2025-04-17 06:03:04
/js/cropper-handler.js | 2025-04-17 15:51:57
/img/upload/products/diana_gordon_46.webp | 2025-04-17 15:51:57
/js/cropper-handler.js | 2025-04-17 15:53:07
/img/upload/products/diana_gordon_46.webp | 2025-04-17 15:53:07
/js/cropper-handler.js | 2025-04-17 15:54:24
/img/upload/products/diana_gordon_46.webp | 2025-04-17 15:54:24
/img/upload/products/default_product.webp | 2025-04-17 15:56:41
/js/cropper-handler.js | 2025-04-17 15:56:49
/img/upload/diana_gordon_46.webp | 2025-04-17 15:56:49
/js/cropper-handler.js | 2025-04-17 15:57:04
/img/upload/diana_gordon_46.webp | 2025-04-17 15:57:04
/img/upload/products/default_product.webp | 2025-04-17 15:59:46
/js/cropper-handler.js | 2025-04-17 16:01:13
/img/upload/products/default_product.webp | 2025-04-17 16:01:13
/img/upload/products/default_product.webp | 2025-04-17 16:01:16
/js/cropper-handler.js | 2025-04-17 16:01:16
/img/upload/products/default_product.webp | 2025-04-17 16:01:16
/img/upload/default_product.webp | 2025-04-17 16:01:28
/js/cropper-handler.js | 2025-04-17 16:01:28
/img/upload/default_product.webp | 2025-04-17 16:01:30
/js/cropper-handler.js | 2025-04-17 16:01:30
/img/upload/default_product.webp | 2025-04-17 16:01:30
/js/cropper-handler.js | 2025-04-17 16:01:37
/img/upload/diana_gordon_46.webp | 2025-04-17 16:01:37
/img/upload/products/default_product.webp | 2025-04-17 16:02:17
/js/cropper-handler.js | 2025-04-17 16:02:20
/img/upload/diana_gordon_46.webp | 2025-04-17 16:02:20
/js/cropper-handler.js | 2025-04-17 16:06:13
/img/upload/diana_gordon_46.webp | 2025-04-17 16:06:14
/js/cropper-handler.js | 2025-04-17 16:06:16
/img/upload/diana_gordon_46.webp | 2025-04-17 16:06:16
/js/cropper-handler.js | 2025-04-17 16:06:22
/img/upload/diana_gordon_46.webp | 2025-04-17 16:06:22
/js/cropper-handler.js | 2025-04-17 16:06:23
/img/upload/diana_gordon_46.webp | 2025-04-17 16:06:23
/img/upload/products/default_product.webp | 2025-04-17 16:06:38
/js/cropper-handler.js | 2025-04-17 16:08:13
/img/upload/weeeeee_44.webp | 2025-04-17 16:08:13
/img/upload/diana_gordon_46.webp | 2025-04-17 16:08:13
/js/cropper-handler.js | 2025-04-17 16:08:17
/img/upload/diana_gordon_46.webp | 2025-04-17 16:08:17
/img/upload/weeeeee_44.webp | 2025-04-17 16:08:17
/img/upload/weeeeee_44.webp | 2025-04-17 16:13:38
/js/cropper-handler.js | 2025-04-17 16:13:43
/img/upload/diana_gordon_46.webp | 2025-04-17 16:13:43
/img/upload/weeeeee_44.webp | 2025-04-17 16:13:43
/img/upload/weeeeee_44.webp | 2025-04-17 16:19:37
/js/cropper-handler.js | 2025-04-17 16:19:44
/img/upload/weeeeee_44.webp | 2025-04-17 16:19:44
/img/upload/diana_gordon_46.webp | 2025-04-17 16:19:45
/img/upload/diana_gordon_46.webp | 2025-04-17 16:24:48
/img/upload/diana_gordon_46.webp | 2025-04-17 16:24:54
/js/cropper-handler.js | 2025-04-17 16:24:59
/img/upload/weeeeee_44.webp | 2025-04-17 16:24:59
/img/upload/weeeeee_44.webp | 2025-04-17 16:25:08
/js/cropper-handler.js | 2025-04-17 16:25:15
/js/cropper-handler.js | 2025-04-17 16:25:23
/js/cropper-handler.js | 2025-04-17 16:25:24
/js/cropper-handler.js | 2025-04-17 16:25:51
/img/upload/products/weeeeee_44.webp | 2025-04-17 16:25:51
/js/cropper-handler.js | 2025-04-17 16:25:54
/img/upload/products/weeeeee_44.webp | 2025-04-17 16:25:54
/js/cropper-handler.js | 2025-04-17 16:25:57
/img/upload/products/weeeeee_44.webp | 2025-04-17 16:25:57
/img/upload/products/weeeeee_44.webp | 2025-04-17 16:26:01
/js/cropper-handler.js | 2025-04-17 16:26:07
/img/upload/products/weeeeee_44.webp | 2025-04-17 16:26:07
/js/cropper-handler.js | 2025-04-17 16:26:19
/img/upload/products/diana_gordon_46.webp | 2025-04-17 16:26:19
/img/upload/products/weeeeee_44.webp | 2025-04-17 16:26:19
/js/cropper-handler.js | 2025-04-17 16:26:23
/img/upload/products/weeeeee_44.webp | 2025-04-17 16:26:23
/img/upload/products/diana_gordon_46.webp | 2025-04-17 16:26:23
/js/cropper-handler.js | 2025-04-17 16:26:25
/img/upload/products/diana_gordon_46.webp | 2025-04-17 16:26:25
/img/upload/products/weeeeee_44.webp | 2025-04-17 16:26:25
/js/cropper-handler.js | 2025-04-17 16:26:47
/img/upload/products/weeeeee_44.webp | 2025-04-17 16:26:47
/img/upload/products/diana_gordon_46.webp | 2025-04-17 16:26:47
/js/cropper-handler.js | 2025-04-17 16:26:54
/img/upload/products/diana_gordon_46.webp | 2025-04-17 16:26:54
/img/upload/products/weeeeee_44.webp | 2025-04-17 16:26:54
/js/cropper-handler.js | 2025-04-17 16:26:54
/img/upload/products/diana_gordon_46.webp | 2025-04-17 16:26:54
/img/upload/products/weeeeee_44.webp | 2025-04-17 16:26:54
/js/cropper-handler.js | 2025-04-17 16:27:28
/img/upload/products/weeeeee_44.webp | 2025-04-17 16:27:28
/img/upload/products/diana_gordon_46.webp | 2025-04-17 16:27:28
/js/cropper-handler.js | 2025-04-17 16:27:38
/img/upload/products/weeeeee_44.webp | 2025-04-17 16:27:38
/img/upload/products/diana_gordon_46.webp | 2025-04-17 16:27:38
/js/cropper-handler.js | 2025-04-17 16:28:14
/img/upload/products/weeeeee_44.webp | 2025-04-17 16:28:14
/img/upload/products/diana_gordon_46.webp | 2025-04-17 16:28:14
/js/cropper-handler.js | 2025-04-17 16:29:29
/img/upload/products/weeeeee_44.webp | 2025-04-17 16:29:29
/img/upload/products/diana_gordon_46.webp | 2025-04-17 16:29:29
/js/cropper-handler.js | 2025-04-17 16:29:30
/img/upload/products/leila_lowe_45.webp | 2025-04-17 16:29:30
/img/upload/products/felicia_rollins_48.webp | 2025-04-17 16:29:30
/img/upload/products/diana_gordon_46.webp | 2025-04-17 16:29:30
/img/upload/products/weeeeee_44.webp | 2025-04-17 16:29:30
/js/cropper-handler.js | 2025-04-17 16:29:41
/img/upload/products/weeeeee_44.webp | 2025-04-17 16:29:41
/img/upload/products/felicia_rollins_48.webp | 2025-04-17 16:29:41
/img/upload/products/leila_lowe_45.webp | 2025-04-17 16:29:41
/img/upload/products/diana_gordon_46.webp | 2025-04-17 16:29:41
/js/cropper-handler.js | 2025-04-17 16:29:42
/img/upload/products/leila_lowe_45.webp | 2025-04-17 16:29:42
/img/upload/products/weeeeee_44.webp | 2025-04-17 16:29:42
/img/upload/products/diana_gordon_46.webp | 2025-04-17 16:29:42
/img/upload/products/felicia_rollins_48.webp | 2025-04-17 16:29:42
/js/cropper-handler.js | 2025-04-17 16:29:42
/img/upload/products/diana_gordon_46.webp | 2025-04-17 16:29:42
/img/upload/products/leila_lowe_45.webp | 2025-04-17 16:29:42
/img/upload/products/weeeeee_44.webp | 2025-04-17 16:29:42
/img/upload/products/felicia_rollins_48.webp | 2025-04-17 16:29:42
/js/cropper-handler.js | 2025-04-17 16:29:42
/img/upload/products/leila_lowe_45.webp | 2025-04-17 16:29:42
/img/upload/products/felicia_rollins_48.webp | 2025-04-17 16:29:42
/img/upload/products/weeeeee_44.webp | 2025-04-17 16:29:42
/img/upload/products/diana_gordon_46.webp | 2025-04-17 16:29:42
/js/cropper-handler.js | 2025-04-17 16:29:43
/img/upload/products/weeeeee_44.webp | 2025-04-17 16:29:43
/img/upload/products/leila_lowe_45.webp | 2025-04-17 16:29:43
/img/upload/products/diana_gordon_46.webp | 2025-04-17 16:29:43
/img/upload/products/felicia_rollins_48.webp | 2025-04-17 16:29:43
/js/cropper-handler.js | 2025-04-17 16:29:44
/img/upload/products/weeeeee_44.webp | 2025-04-17 16:29:44
/img/upload/products/leila_lowe_45.webp | 2025-04-17 16:29:44
/img/upload/products/diana_gordon_46.webp | 2025-04-17 16:29:44
/img/upload/products/felicia_rollins_48.webp | 2025-04-17 16:29:44
/js/cropper-handler.js | 2025-04-17 16:29:44
/img/upload/products/leila_lowe_45.webp | 2025-04-17 16:29:44
/img/upload/products/weeeeee_44.webp | 2025-04-17 16:29:44
/img/upload/products/diana_gordon_46.webp | 2025-04-17 16:29:44
/img/upload/products/felicia_rollins_48.webp | 2025-04-17 16:29:44
/js/cropper-handler.js | 2025-04-17 16:29:45
/img/upload/products/weeeeee_44.webp | 2025-04-17 16:29:45
/img/upload/products/leila_lowe_45.webp | 2025-04-17 16:29:45
/img/upload/products/diana_gordon_46.webp | 2025-04-17 16:29:45
/img/upload/products/felicia_rollins_48.webp | 2025-04-17 16:29:45
/js/cropper-handler.js | 2025-04-17 16:29:45
/img/upload/products/leila_lowe_45.webp | 2025-04-17 16:29:45
/img/upload/products/weeeeee_44.webp | 2025-04-17 16:29:45
/img/upload/products/diana_gordon_46.webp | 2025-04-17 16:29:45
/img/upload/products/felicia_rollins_48.webp | 2025-04-17 16:29:45
/js/cropper-handler.js | 2025-04-17 16:29:47
/img/upload/products/weeeeee_44.webp | 2025-04-17 16:29:47
/img/upload/products/leila_lowe_45.webp | 2025-04-17 16:29:47
/img/upload/products/felicia_rollins_48.webp | 2025-04-17 16:29:47
/img/upload/products/diana_gordon_46.webp | 2025-04-17 16:29:47
/js/cropper-handler.js | 2025-04-17 16:29:49
/img/upload/products/diana_gordon_46.webp | 2025-04-17 16:29:49
/img/upload/products/weeeeee_44.webp | 2025-04-17 16:29:49
/img/upload/products/felicia_rollins_48.webp | 2025-04-17 16:29:49
/img/upload/products/leila_lowe_45.webp | 2025-04-17 16:29:49
/js/cropper-handler.js | 2025-04-17 16:29:50
/img/upload/products/leila_lowe_45.webp | 2025-04-17 16:29:50
/img/upload/products/weeeeee_44.webp | 2025-04-17 16:29:50
/img/upload/products/felicia_rollins_48.webp | 2025-04-17 16:29:50
/img/upload/products/diana_gordon_46.webp | 2025-04-17 16:29:50
/img/upload/products/weeeeee_44.webp | 2025-04-17 16:30:09
/js/cropper-handler.js | 2025-04-17 16:30:14
/img/upload/products/weeeeee_44.webp | 2025-04-17 16:30:14
/img/upload/products/leila_lowe_45.webp | 2025-04-17 16:30:14
/img/upload/products/diana_gordon_46.webp | 2025-04-17 16:30:14
/img/upload/products/felicia_rollins_48.webp | 2025-04-17 16:30:14
/js/cropper-handler.js | 2025-04-17 16:35:26
/img/upload/products/weeeeee_44.webp | 2025-04-17 16:35:26
/img/upload/products/leila_lowe_45.webp | 2025-04-17 16:35:26
/img/upload/products/diana_gordon_46.webp | 2025-04-17 16:35:26
/img/upload/products/felicia_rollins_48.webp | 2025-04-17 16:35:26
/js/cropper-handler.js | 2025-04-17 16:35:28
/img/upload/products/weeeeee_44.webp | 2025-04-17 16:35:28
/img/upload/products/leila_lowe_45.webp | 2025-04-17 16:35:28
/img/upload/products/felicia_rollins_48.webp | 2025-04-17 16:35:28
/img/upload/products/diana_gordon_46.webp | 2025-04-17 16:35:28
/js/cropper-handler.js | 2025-04-17 16:35:34
/img/upload/products/buttered_sausage_19.webp | 2025-04-17 16:35:34
/img/upload/products/weeeeee_44.webp | 2025-04-17 16:35:34
/img/upload/products/leila_lowe_45.webp | 2025-04-17 16:35:34
/img/upload/products/diana_gordon_46.webp | 2025-04-17 16:35:34
/img/upload/products/felicia_rollins_48.webp | 2025-04-17 16:35:34
/img/upload/products/buttered_sausage_19.webp | 2025-04-17 16:38:10
/js/cropper-handler.js | 2025-04-17 16:38:15
/img/upload/products/weeeeee_44.webp | 2025-04-17 16:38:15
/img/upload/products/buttered_sausage_19.webp | 2025-04-17 16:38:15
/img/upload/products/leila_lowe_45.webp | 2025-04-17 16:38:15
/img/upload/products/diana_gordon_46.webp | 2025-04-17 16:38:15
/img/upload/products/felicia_rollins_48.webp | 2025-04-17 16:38:15
/js/cropper-handler.js | 2025-04-17 16:38:17
/img/upload/products/buttered_sausage_19.webp | 2025-04-17 16:38:17
/img/upload/products/weeeeee_44.webp | 2025-04-17 16:38:17
/img/upload/products/leila_lowe_45.webp | 2025-04-17 16:38:17
/img/upload/products/diana_gordon_46.webp | 2025-04-17 16:38:17
/img/upload/products/felicia_rollins_48.webp | 2025-04-17 16:38:17
/js/cropper-handler.js | 2025-04-17 16:38:18
/img/upload/products/leila_lowe_45.webp | 2025-04-17 16:38:18
/img/upload/products/buttered_sausage_19.webp | 2025-04-17 16:38:18
/img/upload/products/weeeeee_44.webp | 2025-04-17 16:38:18
/img/upload/products/diana_gordon_46.webp | 2025-04-17 16:38:18
/img/upload/products/felicia_rollins_48.webp | 2025-04-17 16:38:18
/js/cropper-handler.js | 2025-04-17 16:38:32
/img/upload/products/buttered_sausage_19.webp | 2025-04-17 16:38:32
/img/upload/products/leila_lowe_45.webp | 2025-04-17 16:38:32
/img/upload/products/weeeeee_44.webp | 2025-04-17 16:38:32
/img/upload/products/diana_gordon_46.webp | 2025-04-17 16:38:32
/img/upload/products/felicia_rollins_48.webp | 2025-04-17 16:38:32
/js/cropper-handler.js | 2025-04-17 16:51:55
/img/upload/products/buttered_sausage_19.webp | 2025-04-17 16:51:55
/img/upload/products/weeeeee_44.webp | 2025-04-17 16:51:55
/img/upload/products/leila_lowe_45.webp | 2025-04-17 16:51:55
/img/upload/products/diana_gordon_46.webp | 2025-04-17 16:51:55
/img/upload/products/felicia_rollins_48.webp | 2025-04-17 16:51:55
/js/cropper-handler.js | 2025-04-17 16:51:56
/img/upload/products/buttered_sausage_19.webp | 2025-04-17 16:51:56
/img/upload/products/weeeeee_44.webp | 2025-04-17 16:51:56
/img/upload/products/leila_lowe_45.webp | 2025-04-17 16:51:56
/img/upload/products/diana_gordon_46.webp | 2025-04-17 16:51:56
/img/upload/products/felicia_rollins_48.webp | 2025-04-17 16:51:57
/js/cropper-handler.js | 2025-04-17 16:51:57
/img/upload/products/buttered_sausage_19.webp | 2025-04-17 16:51:58
/img/upload/products/leila_lowe_45.webp | 2025-04-17 16:51:58
/img/upload/products/weeeeee_44.webp | 2025-04-17 16:51:58
/img/upload/products/diana_gordon_46.webp | 2025-04-17 16:51:58
/img/upload/products/felicia_rollins_48.webp | 2025-04-17 16:51:58
/img/upload/products/felicia_rollins_48.webp | 2025-04-17 16:52:01
/js/cropper-handler.js | 2025-04-17 16:52:06
/img/upload/products/buttered_sausage_19.webp | 2025-04-17 16:52:06
/img/upload/products/weeeeee_44.webp | 2025-04-17 16:52:06
/img/upload/products/diana_gordon_46.webp | 2025-04-17 16:52:06
/img/upload/products/leila_lowe_45.webp | 2025-04-17 16:52:06
/img/upload/products/felicia_rollins_48.webp | 2025-04-17 16:52:06
/img/upload/products/felicia_rollins_48.webp | 2025-04-17 16:52:12
/js/cropper-handler.js | 2025-04-17 16:52:17
/img/upload/products/buttered_sausage_19.webp | 2025-04-17 16:52:17
/img/upload/products/weeeeee_44.webp | 2025-04-17 16:52:17
/img/upload/products/felicia_rollins_48.webp | 2025-04-17 16:52:17
/img/upload/products/diana_gordon_46.webp | 2025-04-17 16:52:17
/img/upload/products/leila_lowe_45.webp | 2025-04-17 16:52:17
/js/cropper-handler.js | 2025-04-17 16:52:20
/img/upload/products/weeeeee_44.webp | 2025-04-17 16:52:20
/img/upload/products/leila_lowe_45.webp | 2025-04-17 16:52:20
/img/upload/products/buttered_sausage_19.webp | 2025-04-17 16:52:20
/img/upload/products/diana_gordon_46.webp | 2025-04-17 16:52:20
/img/upload/products/felicia_rollins_48.webp | 2025-04-17 16:52:20
/js/cropper-handler.js | 2025-04-17 16:52:38
/img/upload/products/buttered_sausage_19.webp | 2025-04-17 16:52:38
/img/upload/products/weeeeee_44.webp | 2025-04-17 16:52:38
/img/upload/products/leila_lowe_45.webp | 2025-04-17 16:52:38
/img/upload/products/diana_gordon_46.webp | 2025-04-17 16:52:38
/img/upload/products/felicia_rollins_48.webp | 2025-04-17 16:52:38
/js/cropper-handler.js | 2025-04-17 16:52:41
/img/upload/products/buttered_sausage_19.webp | 2025-04-17 16:52:41
/img/upload/products/weeeeee_44.webp | 2025-04-17 16:52:41
/img/upload/products/diana_gordon_46.webp | 2025-04-17 16:52:41
/img/upload/products/felicia_rollins_48.webp | 2025-04-17 16:52:41
/img/upload/products/leila_lowe_45.webp | 2025-04-17 16:52:41
/js/cropper-handler.js | 2025-04-17 16:52:43
/img/upload/products/buttered_sausage_19.webp | 2025-04-17 16:52:43
/img/upload/products/feet_beans_22.webp | 2025-04-17 16:52:43
/img/upload/products/leila_lowe_45.webp | 2025-04-17 16:52:43
/img/upload/products/weeeeee_44.webp | 2025-04-17 16:52:43
/img/upload/products/diana_gordon_46.webp | 2025-04-17 16:52:43
/img/upload/products/felicia_rollins_48.webp | 2025-04-17 16:52:43
/sourceMap/chrome/css/download_scan_popup.css.map | 2025-04-17 16:56:14
/sourceMap/chrome/css/interactive_balloon.css.map | 2025-04-17 16:56:14
/sourceMap/chrome/css/download_scan_popup.css.map | 2025-04-17 16:56:14
/js/cropper-handler.js | 2025-04-17 17:01:02
/img/upload/products/buttered_sausage_19.webp | 2025-04-17 17:01:02
/img/upload/products/feet_beans_22.webp | 2025-04-17 17:01:02
/img/upload/products/weeeeee_44.webp | 2025-04-17 17:01:02
/img/upload/products/leila_lowe_45.webp | 2025-04-17 17:01:02
/img/upload/products/diana_gordon_46.webp | 2025-04-17 17:01:02
/img/upload/products/felicia_rollins_48.webp | 2025-04-17 17:01:02
/js/cropper-handler.js | 2025-04-17 17:01:03
/img/upload/products/buttered_sausage_19.webp | 2025-04-17 17:01:03
/img/upload/products/feet_beans_22.webp | 2025-04-17 17:01:03
/img/upload/products/weeeeee_44.webp | 2025-04-17 17:01:03
/img/upload/products/leila_lowe_45.webp | 2025-04-17 17:01:03
/img/upload/products/felicia_rollins_48.webp | 2025-04-17 17:01:03
/img/upload/products/diana_gordon_46.webp | 2025-04-17 17:01:03
/img/upload/products/buttered_sausage_19.webp | 2025-04-17 17:01:18
/js/cropper-handler.js | 2025-04-17 17:01:23
/img/upload/products/buttered_sausage_19.webp | 2025-04-17 17:01:23
/img/upload/products/feet_beans_22.webp | 2025-04-17 17:01:23
/img/upload/products/weeeeee_44.webp | 2025-04-17 17:01:23
/img/upload/products/leila_lowe_45.webp | 2025-04-17 17:01:23
/img/upload/products/diana_gordon_46.webp | 2025-04-17 17:01:23
/img/upload/products/felicia_rollins_48.webp | 2025-04-17 17:01:23
/js/cropper-handler.js | 2025-04-17 17:01:25
/img/upload/products/leila_lowe_45.webp | 2025-04-17 17:01:25
/img/upload/products/weeeeee_44.webp | 2025-04-17 17:01:25
/img/upload/products/feet_beans_22.webp | 2025-04-17 17:01:25
/img/upload/products/buttered_sausage_19.webp | 2025-04-17 17:01:25
/img/upload/products/diana_gordon_46.webp | 2025-04-17 17:01:25
/img/upload/products/felicia_rollins_48.webp | 2025-04-17 17:01:25
/img/upload/products/buttered_sausage_19.webp | 2025-04-17 17:03:06
/img/upload/products/buttered_sausage_19.webp | 2025-04-17 17:03:08
/js/cropper-handler.js | 2025-04-17 17:03:14
/img/upload/products/buttered_sausage_19.webp | 2025-04-17 17:03:14
/img/upload/products/weeeeee_44.webp | 2025-04-17 17:03:14
/img/upload/products/feet_beans_22.webp | 2025-04-17 17:03:14
/img/upload/products/leila_lowe_45.webp | 2025-04-17 17:03:14
/img/upload/products/diana_gordon_46.webp | 2025-04-17 17:03:14
/img/upload/products/felicia_rollins_48.webp | 2025-04-17 17:03:14
/img/upload/products/buttered_sausage_19.webp | 2025-04-17 17:08:51
/js/cropper-handler.js | 2025-04-17 17:09:02
/img/upload/products/buttered_sausage_19.webp | 2025-04-17 17:09:02
/img/upload/products/weeeeee_44.webp | 2025-04-17 17:09:02
/img/upload/products/feet_beans_22.webp | 2025-04-17 17:09:02
/img/upload/products/leila_lowe_45.webp | 2025-04-17 17:09:02
/img/upload/products/diana_gordon_46.webp | 2025-04-17 17:09:02
/img/upload/products/felicia_rollins_48.webp | 2025-04-17 17:09:02
/js/cropper-handler.js | 2025-04-17 17:09:06
/img/upload/products/feet_beans_22.webp | 2025-04-17 17:09:06
/img/upload/products/buttered_sausage_19.webp | 2025-04-17 17:09:06
/img/upload/products/weeeeee_44.webp | 2025-04-17 17:09:06
/img/upload/products/diana_gordon_46.webp | 2025-04-17 17:09:06
/img/upload/products/leila_lowe_45.webp | 2025-04-17 17:09:06
/img/upload/products/felicia_rollins_48.webp | 2025-04-17 17:09:06
/js/cropper-handler.js | 2025-04-17 17:09:07
/img/upload/products/buttered_sausage_19.webp | 2025-04-17 17:09:07
/img/upload/products/leila_lowe_45.webp | 2025-04-17 17:09:08
/img/upload/products/weeeeee_44.webp | 2025-04-17 17:09:08
/img/upload/products/feet_beans_22.webp | 2025-04-17 17:09:08
/img/upload/products/diana_gordon_46.webp | 2025-04-17 17:09:08
/img/upload/products/felicia_rollins_48.webp | 2025-04-17 17:09:08
/img/upload/products/buttered_sausage_19.webp | 2025-04-17 17:09:17
/js/cropper-handler.js | 2025-04-17 17:09:27
/img/upload/products/buttered_sausage_19.webp | 2025-04-17 17:09:27
/img/upload/products/feet_beans_22.webp | 2025-04-17 17:09:27
/img/upload/products/weeeeee_44.webp | 2025-04-17 17:09:27
/img/upload/products/diana_gordon_46.webp | 2025-04-17 17:09:27
/img/upload/products/leila_lowe_45.webp | 2025-04-17 17:09:27
/img/upload/products/felicia_rollins_48.webp | 2025-04-17 17:09:27
/js/cropper-handler.js | 2025-04-17 17:09:29
/img/upload/products/buttered_sausage_19.webp | 2025-04-17 17:09:29
/img/upload/products/feet_beans_22.webp | 2025-04-17 17:09:29
/img/upload/products/leila_lowe_45.webp | 2025-04-17 17:09:29
/img/upload/products/diana_gordon_46.webp | 2025-04-17 17:09:29
/img/upload/products/weeeeee_44.webp | 2025-04-17 17:09:29
/img/upload/products/felicia_rollins_48.webp | 2025-04-17 17:09:29
/js/cropper-handler.js | 2025-04-17 17:09:30
/img/upload/products/feet_beans_22.webp | 2025-04-17 17:09:30
/img/upload/products/leila_lowe_45.webp | 2025-04-17 17:09:30
/img/upload/products/buttered_sausage_19.webp | 2025-04-17 17:09:30
/img/upload/products/weeeeee_44.webp | 2025-04-17 17:09:30
/img/upload/products/felicia_rollins_48.webp | 2025-04-17 17:09:30
/img/upload/products/diana_gordon_46.webp | 2025-04-17 17:09:30
/img/upload/products/buttered_sausage_19.webp | 2025-04-17 17:16:53
/js/cropper-handler.js | 2025-04-17 17:16:59
/img/upload/products/weeeeee_44.webp | 2025-04-17 17:16:59
/img/upload/products/leila_lowe_45.webp | 2025-04-17 17:16:59
/img/upload/products/feet_beans_22.webp | 2025-04-17 17:16:59
/img/upload/products/diana_gordon_46.webp | 2025-04-17 17:16:59
/img/upload/products/felicia_rollins_48.webp | 2025-04-17 17:16:59
/js/cropper-handler.js | 2025-04-17 17:18:51
/img/upload/products/feet_beans_22.webp | 2025-04-17 17:18:52
/img/upload/products/weeeeee_44.webp | 2025-04-17 17:18:52
/img/upload/products/leila_lowe_45.webp | 2025-04-17 17:18:52
/img/upload/products/diana_gordon_46.webp | 2025-04-17 17:18:52
/img/upload/products/felicia_rollins_48.webp | 2025-04-17 17:18:52
/js/cropper-handler.js | 2025-04-17 17:19:05
/img/upload/products/feet_beans_22.webp | 2025-04-17 17:19:05
/img/upload/products/weeeeee_44.webp | 2025-04-17 17:19:05
/img/upload/products/leila_lowe_45.webp | 2025-04-17 17:19:05
/img/upload/products/diana_gordon_46.webp | 2025-04-17 17:19:05
/img/upload/products/felicia_rollins_48.webp | 2025-04-17 17:19:05
/js/cropper-handler.js | 2025-04-17 17:19:10
/img/upload/products/feet_beans_22.webp | 2025-04-17 17:19:10
/img/upload/products/weeeeee_44.webp | 2025-04-17 17:19:10
/img/upload/products/leila_lowe_45.webp | 2025-04-17 17:19:11
/img/upload/products/diana_gordon_46.webp | 2025-04-17 17:19:11
/img/upload/products/felicia_rollins_48.webp | 2025-04-17 17:19:11
/img/upload/products/feet_beans_22.webp | 2025-04-17 17:19:12
/js/cropper-handler.js | 2025-04-17 17:19:17
/img/upload/products/leila_lowe_45.webp | 2025-04-17 17:19:17
/img/upload/products/weeeeee_44.webp | 2025-04-17 17:19:17
/img/upload/products/diana_gordon_46.webp | 2025-04-17 17:19:17
/img/upload/products/felicia_rollins_48.webp | 2025-04-17 17:19:17
/img/upload/products/weeeeee_44.webp | 2025-04-17 17:19:33
/js/cropper-handler.js | 2025-04-17 17:19:39
/img/upload/products/leila_lowe_45.webp | 2025-04-17 17:19:39
/img/upload/products/diana_gordon_46.webp | 2025-04-17 17:19:39
/img/upload/products/felicia_rollins_48.webp | 2025-04-17 17:19:39
/img/upload/products/leila_lowe_45.webp | 2025-04-17 17:19:41
/js/cropper-handler.js | 2025-04-17 17:19:55
/img/upload/products/diana_gordon_46.webp | 2025-04-17 17:19:55
/img/upload/products/felicia_rollins_48.webp | 2025-04-17 17:19:55
