[27-Feb-2025 20:36:58 UTC] Redirecting to: /dashboard.php
[27-Feb-2025 20:36:58 UTC] Session Data: Array
(
)

[27-Feb-2025 20:51:54 UTC] Username check for: skirtlebeens | Count: 0
[27-Feb-2025 20:53:21 UTC] Username check for: skirtlebeens | Count: 0
[27-Feb-2025 20:54:03 UTC] Username check for: skindobands | Count: 0
[27-Feb-2025 20:55:35 UTC] Username check for: tinafey | Count: 0
[27-Feb-2025 20:57:23 UTC] Username check for: timtom111 | Count: 0
[27-Feb-2025 20:59:20 UTC] Username check for: skinnygoober | Count: 0
[27-Feb-2025 21:00:16 UTC] Username check for: dustyburns | Count: 0
[27-Feb-2025 21:06:57 UTC] Username check for: dandy | Count: 0
[27-Feb-2025 21:08:14 UTC] Username check for: trent | Count: 0
[27-Feb-2025 21:21:52 UTC] Username check for: Johnny | Count: 0
[27-Feb-2025 21:27:44 UTC] Username check for: test | Count: 0
[27-Feb-2025 21:46:30 UTC] PHP Fatal error:  Uncaught PDOException: SQLSTATE[23000]: Integrity constraint violation: 1048 Column 'first_name' cannot be null in C:\laragon\www\blueridgebounty\private\auth.php:110
Stack trace:
#0 C:\laragon\www\blueridgebounty\private\auth.php(110): PDOStatement->execute(Array)
#1 {main}
  thrown in C:\laragon\www\blueridgebounty\private\auth.php on line 110
[27-Feb-2025 21:52:34 UTC] PHP Fatal error:  Uncaught PDOException: SQLSTATE[23000]: Integrity constraint violation: 1048 Column 'first_name' cannot be null in C:\laragon\www\blueridgebounty\private\auth.php:110
Stack trace:
#0 C:\laragon\www\blueridgebounty\private\auth.php(110): PDOStatement->execute(Array)
#1 {main}
  thrown in C:\laragon\www\blueridgebounty\private\auth.php on line 110
[27-Feb-2025 21:54:43 UTC] PHP Fatal error:  Uncaught PDOException: SQLSTATE[23000]: Integrity constraint violation: 1048 Column 'first_name' cannot be null in C:\laragon\www\blueridgebounty\private\auth.php:111
Stack trace:
#0 C:\laragon\www\blueridgebounty\private\auth.php(111): PDOStatement->execute(Array)
#1 {main}
  thrown in C:\laragon\www\blueridgebounty\private\auth.php on line 111
[27-Feb-2025 21:54:45 UTC] PHP Fatal error:  Uncaught PDOException: SQLSTATE[23000]: Integrity constraint violation: 1048 Column 'first_name' cannot be null in C:\laragon\www\blueridgebounty\private\auth.php:111
Stack trace:
#0 C:\laragon\www\blueridgebounty\private\auth.php(111): PDOStatement->execute(Array)
#1 {main}
  thrown in C:\laragon\www\blueridgebounty\private\auth.php on line 111
[27-Feb-2025 21:55:04 UTC] PHP Fatal error:  Uncaught PDOException: SQLSTATE[23000]: Integrity constraint violation: 1048 Column 'first_name' cannot be null in C:\laragon\www\blueridgebounty\private\auth.php:111
Stack trace:
#0 C:\laragon\www\blueridgebounty\private\auth.php(111): PDOStatement->execute(Array)
#1 {main}
  thrown in C:\laragon\www\blueridgebounty\private\auth.php on line 111
[27-Feb-2025 21:55:08 UTC] PHP Fatal error:  Uncaught PDOException: SQLSTATE[23000]: Integrity constraint violation: 1048 Column 'first_name' cannot be null in C:\laragon\www\blueridgebounty\private\auth.php:111
Stack trace:
#0 C:\laragon\www\blueridgebounty\private\auth.php(111): PDOStatement->execute(Array)
#1 {main}
  thrown in C:\laragon\www\blueridgebounty\private\auth.php on line 111
[27-Feb-2025 22:02:29 UTC] PHP Fatal error:  Uncaught PDOException: SQLSTATE[23000]: Integrity constraint violation: 1048 Column 'first_name' cannot be null in C:\laragon\www\blueridgebounty\private\auth.php:107
Stack trace:
#0 C:\laragon\www\blueridgebounty\private\auth.php(107): PDOStatement->execute(Array)
#1 {main}
  thrown in C:\laragon\www\blueridgebounty\private\auth.php on line 107
[27-Feb-2025 22:03:23 UTC] PHP Fatal error:  Uncaught PDOException: SQLSTATE[23000]: Integrity constraint violation: 1048 Column 'first_name' cannot be null in C:\laragon\www\blueridgebounty\private\auth.php:107
Stack trace:
#0 C:\laragon\www\blueridgebounty\private\auth.php(107): PDOStatement->execute(Array)
#1 {main}
  thrown in C:\laragon\www\blueridgebounty\private\auth.php on line 107
[27-Feb-2025 22:09:23 UTC] PHP Fatal error:  Uncaught PDOException: SQLSTATE[23000]: Integrity constraint violation: 1048 Column 'first_name' cannot be null in C:\laragon\www\blueridgebounty\private\auth.php:108
Stack trace:
#0 C:\laragon\www\blueridgebounty\private\auth.php(108): PDOStatement->execute(Array)
#1 {main}
  thrown in C:\laragon\www\blueridgebounty\private\auth.php on line 108
[27-Feb-2025 22:09:39 UTC] PHP Fatal error:  Uncaught PDOException: SQLSTATE[23000]: Integrity constraint violation: 1048 Column 'first_name' cannot be null in C:\laragon\www\blueridgebounty\private\auth.php:108
Stack trace:
#0 C:\laragon\www\blueridgebounty\private\auth.php(108): PDOStatement->execute(Array)
#1 {main}
  thrown in C:\laragon\www\blueridgebounty\private\auth.php on line 108
[27-Feb-2025 22:10:16 UTC] PHP Fatal error:  Uncaught PDOException: SQLSTATE[23000]: Integrity constraint violation: 1048 Column 'first_name' cannot be null in C:\laragon\www\blueridgebounty\private\auth.php:108
Stack trace:
#0 C:\laragon\www\blueridgebounty\private\auth.php(108): PDOStatement->execute(Array)
#1 {main}
  thrown in C:\laragon\www\blueridgebounty\private\auth.php on line 108
[27-Feb-2025 22:10:49 UTC] PHP Fatal error:  Uncaught PDOException: SQLSTATE[23000]: Integrity constraint violation: 1048 Column 'first_name' cannot be null in C:\laragon\www\blueridgebounty\private\auth.php:108
Stack trace:
#0 C:\laragon\www\blueridgebounty\private\auth.php(108): PDOStatement->execute(Array)
#1 {main}
  thrown in C:\laragon\www\blueridgebounty\private\auth.php on line 108
[27-Feb-2025 22:12:00 UTC] PHP Fatal error:  Uncaught PDOException: SQLSTATE[23000]: Integrity constraint violation: 1048 Column 'first_name' cannot be null in C:\laragon\www\blueridgebounty\private\auth.php:108
Stack trace:
#0 C:\laragon\www\blueridgebounty\private\auth.php(108): PDOStatement->execute(Array)
#1 {main}
  thrown in C:\laragon\www\blueridgebounty\private\auth.php on line 108
[27-Feb-2025 22:14:06 UTC] PHP Fatal error:  Uncaught PDOException: SQLSTATE[23000]: Integrity constraint violation: 1048 Column 'first_name' cannot be null in C:\laragon\www\blueridgebounty\private\auth.php:109
Stack trace:
#0 C:\laragon\www\blueridgebounty\private\auth.php(109): PDOStatement->execute(Array)
#1 {main}
  thrown in C:\laragon\www\blueridgebounty\private\auth.php on line 109
[27-Feb-2025 22:14:08 UTC] PHP Fatal error:  Uncaught PDOException: SQLSTATE[23000]: Integrity constraint violation: 1048 Column 'first_name' cannot be null in C:\laragon\www\blueridgebounty\private\auth.php:109
Stack trace:
#0 C:\laragon\www\blueridgebounty\private\auth.php(109): PDOStatement->execute(Array)
#1 {main}
  thrown in C:\laragon\www\blueridgebounty\private\auth.php on line 109
[27-Feb-2025 22:17:58 UTC] PHP Fatal error:  Uncaught PDOException: SQLSTATE[42S22]: Column not found: 1054 Unknown column 'user_status' in 'field list' in C:\laragon\www\blueridgebounty\private\auth.php:161
Stack trace:
#0 C:\laragon\www\blueridgebounty\private\auth.php(161): PDOStatement->execute(Array)
#1 {main}
  thrown in C:\laragon\www\blueridgebounty\private\auth.php on line 161
[27-Feb-2025 22:18:16 UTC] PHP Fatal error:  Uncaught PDOException: SQLSTATE[42S22]: Column not found: 1054 Unknown column 'user_status' in 'field list' in C:\laragon\www\blueridgebounty\private\auth.php:161
Stack trace:
#0 C:\laragon\www\blueridgebounty\private\auth.php(161): PDOStatement->execute(Array)
#1 {main}
  thrown in C:\laragon\www\blueridgebounty\private\auth.php on line 161
[27-Feb-2025 22:28:48 UTC] Username check for: test | Count: 1
[27-Feb-2025 22:34:09 UTC] PHP Fatal error:  Uncaught Error: Call to a member function is_logged_in() on null in C:\laragon\www\blueridgebounty\private\status_error_functions.php:6
Stack trace:
#0 C:\laragon\www\blueridgebounty\dashboard.php(3): require_login()
#1 {main}
  thrown in C:\laragon\www\blueridgebounty\private\status_error_functions.php on line 6
[27-Feb-2025 22:35:40 UTC] PHP Fatal error:  Uncaught Error: Call to a member function is_logged_in() on null in C:\laragon\www\blueridgebounty\private\status_error_functions.php:6
Stack trace:
#0 C:\laragon\www\blueridgebounty\dashboard.php(3): require_login()
#1 {main}
  thrown in C:\laragon\www\blueridgebounty\private\status_error_functions.php on line 6
[27-Feb-2025 22:48:29 UTC] PHP Warning:  require_once(private/classes/session.class.php): Failed to open stream: No such file or directory in C:\laragon\www\blueridgebounty\private\initialize.php on line 40
[27-Feb-2025 22:48:29 UTC] PHP Fatal error:  Uncaught Error: Failed opening required 'private/classes/session.class.php' (include_path='.;C:/laragon/etc/php/pear') in C:\laragon\www\blueridgebounty\private\initialize.php:40
Stack trace:
#0 C:\laragon\www\blueridgebounty\private\auth.php(7): require_once()
#1 {main}
  thrown in C:\laragon\www\blueridgebounty\private\initialize.php on line 40
[28-Feb-2025 03:58:21 UTC] PHP Warning:  Undefined array key "user_level" in C:\laragon\www\blueridgebounty\private\auth.php on line 166
[28-Feb-2025 03:58:21 UTC] PHP Warning:  Undefined array key "user_level" in C:\laragon\www\blueridgebounty\private\classes\session.class.php on line 24
[28-Feb-2025 03:58:21 UTC] PHP Fatal error:  Uncaught PDOException: SQLSTATE[42S02]: Base table or view not found: 1146 Table 'farmers_market.favorites' doesn't exist in C:\laragon\www\blueridgebounty\dashboard.php:16
Stack trace:
#0 C:\laragon\www\blueridgebounty\dashboard.php(16): PDOStatement->execute(Array)
#1 {main}
  thrown in C:\laragon\www\blueridgebounty\dashboard.php on line 16
[28-Feb-2025 04:08:00 UTC] PHP Warning:  Undefined array key "user_level" in C:\laragon\www\blueridgebounty\private\auth.php on line 166
[28-Feb-2025 04:08:00 UTC] PHP Warning:  Undefined array key "user_level" in C:\laragon\www\blueridgebounty\private\classes\session.class.php on line 24
[28-Feb-2025 04:14:46 UTC] PHP Fatal error:  Uncaught PDOException: SQLSTATE[42S02]: Base table or view not found: 1146 Table 'farmers_market.favorites' doesn't exist in C:\laragon\www\blueridgebounty\favorite_vendor.php:12
Stack trace:
#0 C:\laragon\www\blueridgebounty\favorite_vendor.php(12): PDOStatement->execute(Array)
#1 {main}
  thrown in C:\laragon\www\blueridgebounty\favorite_vendor.php on line 12
[28-Feb-2025 04:22:48 UTC] PHP Warning:  Undefined array key "user_level" in C:\laragon\www\blueridgebounty\private\auth.php on line 166
[28-Feb-2025 04:22:48 UTC] PHP Warning:  Undefined array key "user_level" in C:\laragon\www\blueridgebounty\private\classes\session.class.php on line 24
[28-Feb-2025 04:23:39 UTC] PHP Warning:  Undefined variable $fname in C:\laragon\www\blueridgebounty\dashboard.php on line 38
[28-Feb-2025 04:23:39 UTC] PHP Deprecated:  htmlspecialchars(): Passing null to parameter #1 ($string) of type string is deprecated in C:\laragon\www\blueridgebounty\dashboard.php on line 38
[28-Feb-2025 04:24:02 UTC] PHP Fatal error:  Uncaught PDOException: SQLSTATE[23000]: Integrity constraint violation: 1452 Cannot add or update a child row: a foreign key constraint fails (`farmers_market`.`favorite`, CONSTRAINT `favorite_ibfk_2` FOREIGN KEY (`vendor_id`) REFERENCES `vendor` (`user_id`) ON DELETE CASCADE) in C:\laragon\www\blueridgebounty\favorite_vendor.php:24
Stack trace:
#0 C:\laragon\www\blueridgebounty\favorite_vendor.php(24): PDOStatement->execute(Array)
#1 {main}
  thrown in C:\laragon\www\blueridgebounty\favorite_vendor.php on line 24
[28-Feb-2025 04:26:16 UTC] PHP Warning:  Undefined array key "vendor_id" in C:\laragon\www\blueridgebounty\vendor_profile.php on line 78
[28-Feb-2025 04:26:16 UTC] PHP Warning:  Undefined array key "vendor_id" in C:\laragon\www\blueridgebounty\vendor_profile.php on line 83
[28-Feb-2025 04:26:49 UTC] PHP Warning:  Undefined array key "vendor_id" in C:\laragon\www\blueridgebounty\vendor_profile.php on line 78
[28-Feb-2025 04:26:49 UTC] PHP Warning:  Undefined array key "vendor_id" in C:\laragon\www\blueridgebounty\vendor_profile.php on line 83
[28-Feb-2025 04:30:47 UTC] PHP Warning:  Undefined array key "vendor_id" in C:\laragon\www\blueridgebounty\vendor_profile.php on line 78
[28-Feb-2025 04:30:47 UTC] PHP Warning:  Undefined array key "vendor_id" in C:\laragon\www\blueridgebounty\vendor_profile.php on line 83
[28-Feb-2025 04:31:45 UTC] PHP Warning:  Undefined array key "vendor_id" in C:\laragon\www\blueridgebounty\vendor_profile.php on line 78
[28-Feb-2025 04:31:45 UTC] PHP Warning:  Undefined array key "vendor_id" in C:\laragon\www\blueridgebounty\vendor_profile.php on line 83
[28-Feb-2025 04:31:46 UTC] PHP Warning:  Undefined array key "vendor_id" in C:\laragon\www\blueridgebounty\vendor_profile.php on line 78
[28-Feb-2025 04:31:46 UTC] PHP Warning:  Undefined array key "vendor_id" in C:\laragon\www\blueridgebounty\vendor_profile.php on line 83
[28-Feb-2025 04:31:57 UTC] PHP Warning:  Undefined array key "vendor_id" in C:\laragon\www\blueridgebounty\vendor_profile.php on line 78
[28-Feb-2025 04:31:57 UTC] PHP Warning:  Undefined array key "vendor_id" in C:\laragon\www\blueridgebounty\vendor_profile.php on line 83
[28-Feb-2025 04:33:22 UTC] PHP Warning:  Undefined array key "vendor_id" in C:\laragon\www\blueridgebounty\vendor_profile.php on line 78
[28-Feb-2025 04:33:22 UTC] PHP Warning:  Undefined array key "vendor_id" in C:\laragon\www\blueridgebounty\vendor_profile.php on line 83
[28-Feb-2025 04:34:51 UTC] PHP Warning:  Undefined array key "vendor_id" in C:\laragon\www\blueridgebounty\vendor_profile.php on line 78
[28-Feb-2025 04:34:51 UTC] PHP Warning:  Undefined array key "vendor_id" in C:\laragon\www\blueridgebounty\vendor_profile.php on line 83
[28-Feb-2025 04:34:59 UTC] PHP Warning:  Undefined array key "vendor_id" in C:\laragon\www\blueridgebounty\vendor_profile.php on line 78
[28-Feb-2025 04:34:59 UTC] PHP Warning:  Undefined array key "vendor_id" in C:\laragon\www\blueridgebounty\vendor_profile.php on line 83
[28-Feb-2025 04:36:25 UTC] PHP Warning:  Undefined array key "vendor_id" in C:\laragon\www\blueridgebounty\vendor_profile.php on line 79
[28-Feb-2025 04:36:25 UTC] PHP Warning:  Undefined array key "vendor_id" in C:\laragon\www\blueridgebounty\vendor_profile.php on line 84
[28-Feb-2025 04:40:44 UTC] PHP Warning:  Undefined array key "vendor_id" in C:\laragon\www\blueridgebounty\vendor_profile.php on line 79
[28-Feb-2025 04:40:44 UTC] PHP Warning:  Undefined array key "vendor_id" in C:\laragon\www\blueridgebounty\vendor_profile.php on line 84
[28-Feb-2025 04:45:06 UTC] PHP Fatal error:  Uncaught PDOException: SQLSTATE[42S02]: Base table or view not found: 1146 Table 'farmers_market.favorites' doesn't exist in C:\laragon\www\blueridgebounty\favorite_vendor.php:40
Stack trace:
#0 C:\laragon\www\blueridgebounty\favorite_vendor.php(40): PDOStatement->execute(Array)
#1 {main}
  thrown in C:\laragon\www\blueridgebounty\favorite_vendor.php on line 40
[28-Feb-2025 04:45:22 UTC] PHP Fatal error:  Uncaught PDOException: SQLSTATE[42S02]: Base table or view not found: 1146 Table 'farmers_market.favorites' doesn't exist in C:\laragon\www\blueridgebounty\favorite_vendor.php:40
Stack trace:
#0 C:\laragon\www\blueridgebounty\favorite_vendor.php(40): PDOStatement->execute(Array)
#1 {main}
  thrown in C:\laragon\www\blueridgebounty\favorite_vendor.php on line 40
[28-Feb-2025 04:50:26 UTC] PHP Fatal error:  Uncaught PDOException: SQLSTATE[42S02]: Base table or view not found: 1146 Table 'farmers_market.favorites' doesn't exist in C:\laragon\www\blueridgebounty\favorite_vendor.php:86
Stack trace:
#0 C:\laragon\www\blueridgebounty\favorite_vendor.php(86): PDOStatement->execute(Array)
#1 {main}
  thrown in C:\laragon\www\blueridgebounty\favorite_vendor.php on line 86
[28-Feb-2025 04:56:56 UTC] PHP Warning:  Undefined array key "user_level" in C:\laragon\www\blueridgebounty\private\auth.php on line 166
[28-Feb-2025 04:56:56 UTC] PHP Warning:  Undefined array key "user_level" in C:\laragon\www\blueridgebounty\private\classes\session.class.php on line 24
[28-Feb-2025 05:17:59 UTC] PHP Warning:  Undefined array key "user_level" in C:\laragon\www\blueridgebounty\private\auth.php on line 166
[28-Feb-2025 05:17:59 UTC] PHP Warning:  Undefined array key "user_level" in C:\laragon\www\blueridgebounty\private\classes\session.class.php on line 24
[28-Feb-2025 05:19:28 UTC] PHP Warning:  Undefined array key "user_level" in C:\laragon\www\blueridgebounty\private\auth.php on line 166
[28-Feb-2025 05:19:28 UTC] PHP Warning:  Undefined array key "user_level" in C:\laragon\www\blueridgebounty\private\classes\session.class.php on line 24
[28-Feb-2025 05:23:06 UTC] PHP Warning:  Undefined array key "user_level" in C:\laragon\www\blueridgebounty\private\auth.php on line 166
[28-Feb-2025 05:23:06 UTC] PHP Warning:  Undefined array key "user_level" in C:\laragon\www\blueridgebounty\private\classes\session.class.php on line 24
[28-Feb-2025 06:09:15 UTC] PHP Warning:  Undefined variable $username in C:\laragon\www\blueridgebounty\dashboard.php on line 28
[28-Feb-2025 06:09:15 UTC] PHP Deprecated:  htmlspecialchars(): Passing null to parameter #1 ($string) of type string is deprecated in C:\laragon\www\blueridgebounty\dashboard.php on line 28
[28-Feb-2025 06:09:22 UTC] PHP Warning:  Undefined variable $username in C:\laragon\www\blueridgebounty\dashboard.php on line 28
[28-Feb-2025 06:09:22 UTC] PHP Deprecated:  htmlspecialchars(): Passing null to parameter #1 ($string) of type string is deprecated in C:\laragon\www\blueridgebounty\dashboard.php on line 28
[28-Feb-2025 06:13:47 UTC] PHP Warning:  Undefined variable $user_id in C:\laragon\www\blueridgebounty\dashboard.php on line 9
[28-Feb-2025 06:13:47 UTC] PHP Warning:  Undefined variable $user in C:\laragon\www\blueridgebounty\dashboard.php on line 14
[28-Feb-2025 06:13:47 UTC] PHP Warning:  Trying to access array offset on null in C:\laragon\www\blueridgebounty\dashboard.php on line 14
[28-Feb-2025 06:13:47 UTC] PHP Warning:  Undefined variable $username in C:\laragon\www\blueridgebounty\dashboard.php on line 39
[28-Feb-2025 06:13:47 UTC] PHP Deprecated:  htmlspecialchars(): Passing null to parameter #1 ($string) of type string is deprecated in C:\laragon\www\blueridgebounty\dashboard.php on line 39
[28-Feb-2025 06:13:47 UTC] PHP Warning:  Undefined variable $user in C:\laragon\www\blueridgebounty\dashboard.php on line 60
[28-Feb-2025 06:13:47 UTC] PHP Warning:  Trying to access array offset on null in C:\laragon\www\blueridgebounty\dashboard.php on line 60
[28-Feb-2025 06:13:47 UTC] PHP Deprecated:  htmlspecialchars(): Passing null to parameter #1 ($string) of type string is deprecated in C:\laragon\www\blueridgebounty\dashboard.php on line 60
[28-Feb-2025 06:13:47 UTC] PHP Warning:  Undefined variable $user in C:\laragon\www\blueridgebounty\dashboard.php on line 62
[28-Feb-2025 06:13:47 UTC] PHP Warning:  Trying to access array offset on null in C:\laragon\www\blueridgebounty\dashboard.php on line 62
[28-Feb-2025 06:13:47 UTC] PHP Deprecated:  htmlspecialchars(): Passing null to parameter #1 ($string) of type string is deprecated in C:\laragon\www\blueridgebounty\dashboard.php on line 62
[28-Feb-2025 06:15:10 UTC] PHP Warning:  Undefined variable $username in C:\laragon\www\blueridgebounty\dashboard.php on line 45
[28-Feb-2025 06:15:10 UTC] PHP Deprecated:  htmlspecialchars(): Passing null to parameter #1 ($string) of type string is deprecated in C:\laragon\www\blueridgebounty\dashboard.php on line 45
[28-Feb-2025 06:15:12 UTC] PHP Warning:  Undefined variable $username in C:\laragon\www\blueridgebounty\dashboard.php on line 45
[28-Feb-2025 06:15:12 UTC] PHP Deprecated:  htmlspecialchars(): Passing null to parameter #1 ($string) of type string is deprecated in C:\laragon\www\blueridgebounty\dashboard.php on line 45
[28-Feb-2025 06:17:47 UTC] PHP Warning:  Undefined array key "user_level" in C:\laragon\www\blueridgebounty\private\auth.php on line 166
[28-Feb-2025 06:17:47 UTC] PHP Warning:  Undefined array key "user_level" in C:\laragon\www\blueridgebounty\private\classes\session.class.php on line 24
[28-Feb-2025 06:17:47 UTC] PHP Warning:  Undefined variable $username in C:\laragon\www\blueridgebounty\dashboard.php on line 45
[28-Feb-2025 06:17:47 UTC] PHP Deprecated:  htmlspecialchars(): Passing null to parameter #1 ($string) of type string is deprecated in C:\laragon\www\blueridgebounty\dashboard.php on line 45
[28-Feb-2025 06:22:04 UTC] PHP Warning:  Undefined variable $username in C:\laragon\www\blueridgebounty\dashboard.php on line 45
[28-Feb-2025 06:22:04 UTC] PHP Deprecated:  htmlspecialchars(): Passing null to parameter #1 ($string) of type string is deprecated in C:\laragon\www\blueridgebounty\dashboard.php on line 45
[28-Feb-2025 06:38:11 UTC] PHP Warning:  Undefined variable $username in C:\laragon\www\blueridgebounty\dashboard.php on line 45
[28-Feb-2025 06:38:11 UTC] PHP Deprecated:  htmlspecialchars(): Passing null to parameter #1 ($string) of type string is deprecated in C:\laragon\www\blueridgebounty\dashboard.php on line 45
[28-Feb-2025 06:41:27 UTC] PHP Warning:  Undefined array key "user_level" in C:\laragon\www\blueridgebounty\private\auth.php on line 166
[28-Feb-2025 06:41:27 UTC] PHP Warning:  Undefined array key "user_level" in C:\laragon\www\blueridgebounty\private\classes\session.class.php on line 24
[28-Feb-2025 06:41:27 UTC] PHP Warning:  Undefined variable $username in C:\laragon\www\blueridgebounty\dashboard.php on line 45
[28-Feb-2025 06:41:27 UTC] PHP Deprecated:  htmlspecialchars(): Passing null to parameter #1 ($string) of type string is deprecated in C:\laragon\www\blueridgebounty\dashboard.php on line 45
[28-Feb-2025 06:44:04 UTC] PHP Warning:  Undefined array key "user_level" in C:\laragon\www\blueridgebounty\private\auth.php on line 166
[28-Feb-2025 06:44:04 UTC] PHP Warning:  Undefined array key "user_level" in C:\laragon\www\blueridgebounty\private\classes\session.class.php on line 24
[28-Feb-2025 06:44:04 UTC] PHP Warning:  Undefined variable $username in C:\laragon\www\blueridgebounty\dashboard.php on line 45
[28-Feb-2025 06:44:04 UTC] PHP Deprecated:  htmlspecialchars(): Passing null to parameter #1 ($string) of type string is deprecated in C:\laragon\www\blueridgebounty\dashboard.php on line 45
[28-Feb-2025 06:44:25 UTC] PHP Warning:  Undefined array key "user_level" in C:\laragon\www\blueridgebounty\private\auth.php on line 166
[28-Feb-2025 06:44:25 UTC] PHP Warning:  Undefined array key "user_level" in C:\laragon\www\blueridgebounty\private\classes\session.class.php on line 24
[28-Feb-2025 06:44:25 UTC] PHP Warning:  Undefined variable $username in C:\laragon\www\blueridgebounty\dashboard.php on line 45
[28-Feb-2025 06:44:25 UTC] PHP Deprecated:  htmlspecialchars(): Passing null to parameter #1 ($string) of type string is deprecated in C:\laragon\www\blueridgebounty\dashboard.php on line 45
[28-Feb-2025 06:44:32 UTC] PHP Warning:  Undefined variable $username in C:\laragon\www\blueridgebounty\dashboard.php on line 45
[28-Feb-2025 06:44:32 UTC] PHP Deprecated:  htmlspecialchars(): Passing null to parameter #1 ($string) of type string is deprecated in C:\laragon\www\blueridgebounty\dashboard.php on line 45
[28-Feb-2025 06:45:22 UTC] PHP Warning:  Undefined variable $username in C:\laragon\www\blueridgebounty\dashboard.php on line 45
[28-Feb-2025 06:45:22 UTC] PHP Deprecated:  htmlspecialchars(): Passing null to parameter #1 ($string) of type string is deprecated in C:\laragon\www\blueridgebounty\dashboard.php on line 45
[28-Feb-2025 06:45:36 UTC] PHP Warning:  Undefined variable $username in C:\laragon\www\blueridgebounty\dashboard.php on line 45
[28-Feb-2025 06:45:36 UTC] PHP Deprecated:  htmlspecialchars(): Passing null to parameter #1 ($string) of type string is deprecated in C:\laragon\www\blueridgebounty\dashboard.php on line 45
